c:\users\mdsit\desktop\sample_vs19x86\src\debug\sample_cgicc_diff-vs2019.pdb
c:\users\mdsit\desktop\sample_vs19x86\src\debug\version.obj
c:\users\mdsit\desktop\sample_vs19x86\src\debug\util.obj
c:\users\mdsit\desktop\sample_vs19x86\src\debug\normal.obj
c:\users\mdsit\desktop\sample_vs19x86\src\debug\io.obj
c:\users\mdsit\desktop\sample_vs19x86\src\debug\ifdef.obj
c:\users\mdsit\desktop\sample_vs19x86\src\debug\getopt1.obj
c:\users\mdsit\desktop\sample_vs19x86\src\debug\getopt.obj
c:\users\mdsit\desktop\sample_vs19x86\src\debug\ed.obj
c:\users\mdsit\desktop\sample_vs19x86\src\debug\dir.obj
c:\users\mdsit\desktop\sample_vs19x86\src\debug\diff3.obj
c:\users\mdsit\desktop\sample_vs19x86\src\debug\diff.obj
c:\users\mdsit\desktop\sample_vs19x86\src\debug\context.obj
c:\users\mdsit\desktop\sample_vs19x86\src\debug\analyze.obj
c:\users\mdsit\desktop\sample_vs19x86\src\debug\alloca.obj
c:\users\mdsit\desktop\sample_vs19x86\src\debug\ecu.obj
c:\users\mdsit\desktop\sample_vs19x86\src\debug\sample_cgicc_diff-vs2019.lib
c:\users\mdsit\desktop\sample_vs19x86\src\debug\sample_c.725622d0.tlog\cl.command.1.tlog
c:\users\mdsit\desktop\sample_vs19x86\src\debug\sample_c.725622d0.tlog\cl.read.1.tlog
c:\users\mdsit\desktop\sample_vs19x86\src\debug\sample_c.725622d0.tlog\cl.write.1.tlog
c:\users\mdsit\desktop\sample_vs19x86\src\debug\sample_c.725622d0.tlog\lib-link.write.1.tlog
c:\users\mdsit\desktop\sample_vs19x86\src\debug\sample_c.725622d0.tlog\lib.command.1.tlog
c:\users\mdsit\desktop\sample_vs19x86\src\debug\sample_c.725622d0.tlog\lib.read.1.tlog
